Using pre-set license
Built from '2022.3/staging' branch; Version is '2022.3.6f1 (b9e6e7e9fa2d) revision 12183271'; Using compiler version '192829333'; Build Type 'Release'
OS: 'Windows 11  (10.0.22631) 64bit Professional' Language: 'en' Physical Memory: 16151 MB
BatchMode: 1, IsHumanControllingUs: 0, StartBugReporterOnCrash: 0, Is64bit: 1, IsPro: 1

COMMAND LINE ARGUMENTS:
C:\Program Files\Unity\Hub\Editor\2022.3.6f1\Editor\Unity.exe
-adb2
-batchMode
-noUpm
-name
AssetImportWorker1
-projectPath
C:/Users/baa20/AwesomeHotelMarioButton
-logFile
Logs/AssetImportWorker1.log
-srvPort
52178
Successfully changed project path to: C:/Users/baa20/AwesomeHotelMarioButton
C:/Users/baa20/AwesomeHotelMarioButton
[UnityMemory] Configuration Parameters - Can be set up in boot.config
    "memorysetup-bucket-allocator-granularity=16"
    "memorysetup-bucket-allocator-bucket-count=8"
    "memorysetup-bucket-allocator-block-size=33554432"
    "memorysetup-bucket-allocator-block-count=8"
    "memorysetup-main-allocator-block-size=16777216"
    "memorysetup-thread-allocator-block-size=16777216"
    "memorysetup-gfx-main-allocator-block-size=16777216"
    "memorysetup-gfx-thread-allocator-block-size=16777216"
    "memorysetup-cache-allocator-block-size=4194304"
    "memorysetup-typetree-allocator-block-size=2097152"
    "memorysetup-profiler-bucket-allocator-granularity=16"
    "memorysetup-profiler-bucket-allocator-bucket-count=8"
    "memorysetup-profiler-bucket-allocator-block-size=33554432"
    "memorysetup-profiler-bucket-allocator-block-count=8"
    "memorysetup-profiler-allocator-block-size=16777216"
    "memorysetup-profiler-editor-allocator-block-size=1048576"
    "memorysetup-temp-allocator-size-main=16777216"
    "memorysetup-job-temp-allocator-block-size=2097152"
    "memorysetup-job-temp-allocator-block-size-background=1048576"
    "memorysetup-job-temp-allocator-reduction-small-platforms=262144"
    "memorysetup-allocator-temp-initial-block-size-main=262144"
    "memorysetup-allocator-temp-initial-block-size-worker=262144"
    "memorysetup-temp-allocator-size-background-worker=32768"
    "memorysetup-temp-allocator-size-job-worker=262144"
    "memorysetup-temp-allocator-size-preload-manager=33554432"
    "memorysetup-temp-allocator-size-nav-mesh-worker=65536"
    "memorysetup-temp-allocator-size-audio-worker=65536"
    "memorysetup-temp-allocator-size-cloud-worker=32768"
    "memorysetup-temp-allocator-size-gi-baking-worker=262144"
    "memorysetup-temp-allocator-size-gfx=262144"
Player connection [31596] Host "[IP] 192.168.1.66 [Port] 0 [Flags] 2 [Guid] 1871106372 [EditorId] 1871106372 [Version] 1048832 [Id] WindowsEditor(7,AntonPC) [Debug] 1 [PackageName] WindowsEditor [ProjectName] Editor" joined multi-casting on [225.0.0.222:54997]...

Player connection [31596] Host "[IP] 192.168.1.66 [Port] 0 [Flags] 2 [Guid] 1871106372 [EditorId] 1871106372 [Version] 1048832 [Id] WindowsEditor(7,AntonPC) [Debug] 1 [PackageName] WindowsEditor [ProjectName] Editor" joined alternative multi-casting on [225.0.0.222:34997]...

Refreshing native plugins compatible for Editor in 12.46 ms, found 4 plugins.
Preloading 0 native plugins for Editor in 0.00 ms.
Initialize engine version: 2022.3.6f1 (b9e6e7e9fa2d)
[Subsystems] Discovering subsystems at path C:/Program Files/Unity/Hub/Editor/2022.3.6f1/Editor/Data/Resources/UnitySubsystems
[Subsystems] Discovering subsystems at path C:/Users/baa20/AwesomeHotelMarioButton/Assets
GfxDevice: creating device client; threaded=0; jobified=0
Direct3D:
    Version:  Direct3D 11.0 [level 11.1]
    Renderer: Intel(R) UHD Graphics 730 (ID=0x4692)
    Vendor:   Intel
    VRAM:     8075 MB
    Driver:   31.0.101.5186
Initialize mono
Mono path[0] = 'C:/Program Files/Unity/Hub/Editor/2022.3.6f1/Editor/Data/Managed'
Mono path[1] = 'C:/Program Files/Unity/Hub/Editor/2022.3.6f1/Editor/Data/MonoBleedingEdge/lib/mono/unityjit-win32'
Mono config path = 'C:/Program Files/Unity/Hub/Editor/2022.3.6f1/Editor/Data/MonoBleedingEdge/etc'
Using monoOptions --debugger-agent=transport=dt_socket,embedding=1,server=y,suspend=n,address=127.0.0.1:56700
Begin MonoManager ReloadAssembly
Registering precompiled unity dll's ...
Register platform support module: C:/Program Files/Unity/Hub/Editor/2022.3.6f1/Editor/Data/PlaybackEngines/WebGLSupport/UnityEditor.WebGL.Extensions.dll
Register platform support module: C:/Program Files/Unity/Hub/Editor/2022.3.6f1/Editor/Data/PlaybackEngines/AndroidPlayer/UnityEditor.Android.Extensions.dll
Register platform support module: C:/Program Files/Unity/Hub/Editor/2022.3.6f1/Editor/Data/PlaybackEngines/WindowsStandaloneSupport/UnityEditor.WindowsStandalone.Extensions.dll
Registered in 0.010260 seconds.
- Loaded All Assemblies, in  0.335 seconds
Native extension for WindowsStandalone target not found
Native extension for Android target not found
Android Extension - Scanning For ADB Devices 230 ms
Native extension for WebGL target not found
Mono: successfully reloaded assembly
- Finished resetting the current domain, in  0.552 seconds
Domain Reload Profiling: 885ms
	BeginReloadAssembly (78ms)
		ExecutionOrderSort (0ms)
		DisableScriptedObjects (0ms)
		BackupInstance (0ms)
		ReleaseScriptingObjects (0ms)
		CreateAndSetChildDomain (1ms)
	RebuildCommonClasses (31ms)
	RebuildNativeTypeToScriptingClass (11ms)
	initialDomainReloadingComplete (65ms)
	LoadAllAssembliesAndSetupDomain (147ms)
		LoadAssemblies (76ms)
		RebuildTransferFunctionScriptingTraits (0ms)
		AnalyzeDomain (140ms)
			TypeCache.Refresh (139ms)
				TypeCache.ScanAssembly (126ms)
			ScanForSourceGeneratedMonoScriptInfo (0ms)
			ResolveRequiredComponents (0ms)
	FinalizeReload (553ms)
		ReleaseScriptCaches (0ms)
		RebuildScriptCaches (0ms)
		SetupLoadedEditorAssemblies (492ms)
			LogAssemblyErrors (0ms)
			InitializePlatformSupportModulesInManaged (348ms)
			SetLoadedEditorAssemblies (4ms)
			RefreshPlugins (0ms)
			BeforeProcessingInitializeOnLoad (3ms)
			ProcessInitializeOnLoadAttributes (96ms)
			ProcessInitializeOnLoadMethodAttributes (41ms)
			AfterProcessingInitializeOnLoad (0ms)
			EditorAssembliesLoaded (0ms)
		ExecutionOrderSort2 (0ms)
		AwakeInstancesAfterBackupRestoration (0ms)
========================================================================
Worker process is ready to serve import requests
Begin MonoManager ReloadAssembly
Symbol file LoadedFromMemory doesn't match image C:\Users\baa20\AwesomeHotelMarioButton\Library\PackageCache\com.unity.visualscripting@1.8.0\Editor\VisualScripting.Core\Dependencies\YamlDotNet\Unity.VisualScripting.YamlDotNet.dll
Symbol file LoadedFromMemory doesn't match image C:\Users\baa20\AwesomeHotelMarioButton\Library\PackageCache\com.unity.visualscripting@1.8.0\Editor\VisualScripting.Core\Dependencies\DotNetZip\Unity.VisualScripting.IonicZip.dll
- Loaded All Assemblies, in  0.730 seconds
Refreshing native plugins compatible for Editor in 5.67 ms, found 4 plugins.
Native extension for WindowsStandalone target not found
Native extension for Android target not found
Native extension for WebGL target not found
Mono: successfully reloaded assembly
- Finished resetting the current domain, in  0.534 seconds
Domain Reload Profiling: 1261ms
	BeginReloadAssembly (134ms)
		ExecutionOrderSort (0ms)
		DisableScriptedObjects (4ms)
		BackupInstance (0ms)
		ReleaseScriptingObjects (0ms)
		CreateAndSetChildDomain (26ms)
	RebuildCommonClasses (31ms)
	RebuildNativeTypeToScriptingClass (8ms)
	initialDomainReloadingComplete (42ms)
	LoadAllAssembliesAndSetupDomain (511ms)
		LoadAssemblies (295ms)
		RebuildTransferFunctionScriptingTraits (0ms)
		AnalyzeDomain (269ms)
			TypeCache.Refresh (246ms)
				TypeCache.ScanAssembly (232ms)
			ScanForSourceGeneratedMonoScriptInfo (19ms)
			ResolveRequiredComponents (5ms)
	FinalizeReload (534ms)
		ReleaseScriptCaches (0ms)
		RebuildScriptCaches (0ms)
		SetupLoadedEditorAssemblies (374ms)
			LogAssemblyErrors (0ms)
			InitializePlatformSupportModulesInManaged (25ms)
			SetLoadedEditorAssemblies (3ms)
			RefreshPlugins (0ms)
			BeforeProcessingInitializeOnLoad (69ms)
			ProcessInitializeOnLoadAttributes (235ms)
			ProcessInitializeOnLoadMethodAttributes (37ms)
			AfterProcessingInitializeOnLoad (6ms)
			EditorAssembliesLoaded (0ms)
		ExecutionOrderSort2 (0ms)
		AwakeInstancesAfterBackupRestoration (7ms)
Launched and connected shader compiler UnityShaderCompiler.exe after 0.04 seconds
Refreshing native plugins compatible for Editor in 4.43 ms, found 4 plugins.
Preloading 0 native plugins for Editor in 0.00 ms.
Unloading 4001 Unused Serialized files (Serialized files now loaded: 0)
Unloading 69 unused Assets / (244.8 KB). Loaded Objects now: 4461.
Memory consumption went from 145.1 MB to 144.9 MB.
Total: 2.962000 ms (FindLiveObjects: 0.266600 ms CreateObjectMapping: 0.118000 ms MarkObjects: 2.386900 ms  DeleteObjects: 0.189500 ms)

AssetImportParameters requested are different than current active one (requested -> active):
  custom:container-demuxer-ogg: 62fdf1f143b41e24485cea50d1cbac27 -> 
  custom:video-decoder-ogg-theora: a1e56fd34408186e4bbccfd4996cb3dc -> 
  custom:framework-win-MediaFoundation: 216162199b28c13a410421893ffa2e32 -> 
  custom:CustomObjectIndexerAttribute: 756ad292c208cfabdd7b50bc23989ffe -> 
  custom:container-demuxer-webm: 4f35f7cbe854078d1ac9338744f61a02 -> 
  custom:container-muxer-webm: aa71ff27fc2769a1b78a27578f13a17b -> 
  custom:video-decoder-webm-vp8: 9c59270c3fd7afecdb556c50c9e8de78 -> 
  custom:SearchIndexIgnoredProperties: e643bd26f0fe6173181afceb89e7c659 -> 
  custom:AudioImporter_EditorPlatform: d09bf68614088b80899f8185d706f6e7 -> 
  custom:video-encoder-webm-vp8: eb34c28f22e8b96e1ab97ce403110664 -> 
  custom:audio-decoder-ogg-vorbis: bf7c407c2cedff20999df2af8eb42d56 -> 
  custom:audio-encoder-webm-vorbis: bf7c407c2cedff20999df2af8eb42d56 -> 
========================================================================
Received Import Request.
  Time since last request: 573425.268905 seconds.
  path: Assets/Audio/Part 7/02Label.wav
  artifactKey: Guid(99bb545d33ef7ba4d9a49855dc0b4cb7) Importer(815301076,1909f56bfc062723c751e8b465ee728b)
Start importing Assets/Audio/Part 7/02Label.wav using Guid(99bb545d33ef7ba4d9a49855dc0b4cb7) Importer(815301076,1909f56bfc062723c751e8b465ee728b)  -> (artifact id: 'ac7fadb83ea955e473dda23699953eb8') in 0.081510 seconds
Number of updated asset objects reloaded before import = 0
Number of asset objects unloaded after import = 2
========================================================================
Received Import Request.
  Time since last request: 0.000031 seconds.
  path: Assets/Audio/Part 7/03Label.wav
  artifactKey: Guid(15e0965c2607cfd4c9f4a2a4e74719fb) Importer(815301076,1909f56bfc062723c751e8b465ee728b)
Start importing Assets/Audio/Part 7/03Label.wav using Guid(15e0965c2607cfd4c9f4a2a4e74719fb) Importer(815301076,1909f56bfc062723c751e8b465ee728b)  -> (artifact id: 'f7c15858493d158e495ad61ef27dad0b') in 0.015934 seconds
Number of updated asset objects reloaded before import = 0
Number of asset objects unloaded after import = 2
========================================================================
Received Import Request.
  Time since last request: 0.000034 seconds.
  path: Assets/Audio/Part 7/30Label.wav
  artifactKey: Guid(0a46c88ed25358041a84a60da4082e8b) Importer(815301076,1909f56bfc062723c751e8b465ee728b)
Start importing Assets/Audio/Part 7/30Label.wav using Guid(0a46c88ed25358041a84a60da4082e8b) Importer(815301076,1909f56bfc062723c751e8b465ee728b)  -> (artifact id: '1fe8179dae4cc82382249eaf9b092e89') in 0.012998 seconds
Number of updated asset objects reloaded before import = 0
Number of asset objects unloaded after import = 2
========================================================================
Received Import Request.
  Time since last request: 0.000025 seconds.
  path: Assets/Audio/Part 7/08Label.wav
  artifactKey: Guid(5d3ddc04bd474e3499e9de70d5c1ab5d) Importer(815301076,1909f56bfc062723c751e8b465ee728b)
Start importing Assets/Audio/Part 7/08Label.wav using Guid(5d3ddc04bd474e3499e9de70d5c1ab5d) Importer(815301076,1909f56bfc062723c751e8b465ee728b)  -> (artifact id: 'ab6e66728b52b9c95035bc346cff17d9') in 0.015600 seconds
Number of updated asset objects reloaded before import = 0
Number of asset objects unloaded after import = 2
========================================================================
Received Import Request.
  Time since last request: 0.000027 seconds.
  path: Assets/Audio/Part 7/22Label.wav
  artifactKey: Guid(453bf6f3ef1440641b1efe1b094f988f) Importer(815301076,1909f56bfc062723c751e8b465ee728b)
Start importing Assets/Audio/Part 7/22Label.wav using Guid(453bf6f3ef1440641b1efe1b094f988f) Importer(815301076,1909f56bfc062723c751e8b465ee728b)  -> (artifact id: '2c6a2e7823e08f6d3b02f53ab9a85674') in 0.014179 seconds
Number of updated asset objects reloaded before import = 0
Number of asset objects unloaded after import = 2
========================================================================
Received Import Request.
  Time since last request: 0.000014 seconds.
  path: Assets/Audio/Part 7/17Label.wav
  artifactKey: Guid(bb9fc47f8472ee64e95fe462bf423970) Importer(815301076,1909f56bfc062723c751e8b465ee728b)
Start importing Assets/Audio/Part 7/17Label.wav using Guid(bb9fc47f8472ee64e95fe462bf423970) Importer(815301076,1909f56bfc062723c751e8b465ee728b)  -> (artifact id: '8f3c21604cd1943cc758f7ebf72e40d1') in 0.011570 seconds
Number of updated asset objects reloaded before import = 0
Number of asset objects unloaded after import = 2
========================================================================
Received Import Request.
  Time since last request: 0.000018 seconds.
  path: Assets/Audio/Part 7/24Label.wav
  artifactKey: Guid(79211fb17cc3ce1488deb30d8b769373) Importer(815301076,1909f56bfc062723c751e8b465ee728b)
Start importing Assets/Audio/Part 7/24Label.wav using Guid(79211fb17cc3ce1488deb30d8b769373) Importer(815301076,1909f56bfc062723c751e8b465ee728b)  -> (artifact id: 'e79de4d7323bc13f4f9f97c3ddfb0337') in 0.011723 seconds
Number of updated asset objects reloaded before import = 0
Number of asset objects unloaded after import = 2
========================================================================
Received Import Request.
  Time since last request: 0.000027 seconds.
  path: Assets/Audio/Part 7/07Label.wav
  artifactKey: Guid(62251514ef706bc4d85ee67664621fbc) Importer(815301076,1909f56bfc062723c751e8b465ee728b)
Start importing Assets/Audio/Part 7/07Label.wav using Guid(62251514ef706bc4d85ee67664621fbc) Importer(815301076,1909f56bfc062723c751e8b465ee728b)  -> (artifact id: '897a7a0c09713de5d5adb1f3cd8f4da8') in 0.016133 seconds
Number of updated asset objects reloaded before import = 0
Number of asset objects unloaded after import = 2
========================================================================
Received Import Request.
  Time since last request: 0.000016 seconds.
  path: Assets/Audio/Part 7/15Label.wav
  artifactKey: Guid(38bc75ef51d20224caf0fcc67679608f) Importer(815301076,1909f56bfc062723c751e8b465ee728b)
Start importing Assets/Audio/Part 7/15Label.wav using Guid(38bc75ef51d20224caf0fcc67679608f) Importer(815301076,1909f56bfc062723c751e8b465ee728b)  -> (artifact id: 'c3f798ac8fb9adc7e4dd7053fdd4d2f3') in 0.015124 seconds
Number of updated asset objects reloaded before import = 0
Number of asset objects unloaded after import = 2
========================================================================
Received Import Request.
  Time since last request: 0.000018 seconds.
  path: Assets/Audio/Part 7/29Label.wav
  artifactKey: Guid(b34dc8baca6f05a41b5772ce06d3c633) Importer(815301076,1909f56bfc062723c751e8b465ee728b)
Start importing Assets/Audio/Part 7/29Label.wav using Guid(b34dc8baca6f05a41b5772ce06d3c633) Importer(815301076,1909f56bfc062723c751e8b465ee728b)  -> (artifact id: 'f79610cc680c397ff7a991ccf6858bd9') in 0.013922 seconds
Number of updated asset objects reloaded before import = 0
Number of asset objects unloaded after import = 2
========================================================================
Received Import Request.
  Time since last request: 0.000025 seconds.
  path: Assets/Audio/Part 7/09Label.wav
  artifactKey: Guid(87ef9a1e9b06711439c4e66069ff306e) Importer(815301076,1909f56bfc062723c751e8b465ee728b)
Start importing Assets/Audio/Part 7/09Label.wav using Guid(87ef9a1e9b06711439c4e66069ff306e) Importer(815301076,1909f56bfc062723c751e8b465ee728b)  -> (artifact id: '198fd544ca6e828dba15072fd74a1181') in 0.013475 seconds
Number of updated asset objects reloaded before import = 0
Number of asset objects unloaded after import = 2
========================================================================
Received Import Request.
  Time since last request: 0.000015 seconds.
  path: Assets/Audio/Part 7/10Label.wav
  artifactKey: Guid(00cb34725e72d244f9523d76acae41a9) Importer(815301076,1909f56bfc062723c751e8b465ee728b)
Start importing Assets/Audio/Part 7/10Label.wav using Guid(00cb34725e72d244f9523d76acae41a9) Importer(815301076,1909f56bfc062723c751e8b465ee728b)  -> (artifact id: '03a3bea9b76b6749ba1b2a15c6ae8659') in 0.011870 seconds
Number of updated asset objects reloaded before import = 0
Number of asset objects unloaded after import = 2
========================================================================
Received Import Request.
  Time since last request: 0.000044 seconds.
  path: Assets/Audio/Part 7/16Label.wav
  artifactKey: Guid(cd735cc197e1eba4cb4cd19c0264531d) Importer(815301076,1909f56bfc062723c751e8b465ee728b)
Start importing Assets/Audio/Part 7/16Label.wav using Guid(cd735cc197e1eba4cb4cd19c0264531d) Importer(815301076,1909f56bfc062723c751e8b465ee728b)  -> (artifact id: 'add321657dc610d9507f46f9b32d2054') in 0.012366 seconds
Number of updated asset objects reloaded before import = 0
Number of asset objects unloaded after import = 2
========================================================================
Received Import Request.
  Time since last request: 0.000023 seconds.
  path: Assets/Audio/Part 7/19Label.wav
  artifactKey: Guid(0894c11713306ed4a96098deb9879693) Importer(815301076,1909f56bfc062723c751e8b465ee728b)
Start importing Assets/Audio/Part 7/19Label.wav using Guid(0894c11713306ed4a96098deb9879693) Importer(815301076,1909f56bfc062723c751e8b465ee728b)  -> (artifact id: 'e7c22232a57294ec5b146a6c041b4977') in 0.014056 seconds
Number of updated asset objects reloaded before import = 0
Number of asset objects unloaded after import = 2
========================================================================
Received Import Request.
  Time since last request: 0.000022 seconds.
  path: Assets/Audio/Part 7/13Label.wav
  artifactKey: Guid(18aee11ccf350754ca700fd4890177a0) Importer(815301076,1909f56bfc062723c751e8b465ee728b)
Start importing Assets/Audio/Part 7/13Label.wav using Guid(18aee11ccf350754ca700fd4890177a0) Importer(815301076,1909f56bfc062723c751e8b465ee728b)  -> (artifact id: '5b3ebbb69d69b75d5d719be47030235b') in 0.012237 seconds
Number of updated asset objects reloaded before import = 0
Number of asset objects unloaded after import = 2
Editor requested this worker to shutdown with reason: Scaling down because of idle timeout
TcpMessagingSession - receive error: operation aborted. errorcode: 995, details: The I/O operation has been aborted because of either a thread exit or an application request.
AssetImportWorker is now disconnected from the server
Process exiting
Exiting without the bug reporter. Application will terminate with return code 0